<?xml version="1.0" encoding="UTF-8"?>
<robot generator="Robot 5.0.1 (Python 3.8.9 on darwin)" generated="20220820 18:04:38.205" rpa="false" schemaversion="3">
<suite id="s1" name="Tests" source="/Library/QAcademy/twp/tests">
<suite id="s1-s1" name="Buttons" source="/Library/QAcademy/twp/tests/buttons.robot">
<test id="s1-s1-t1" name="Deve realizar um clique simples" line="9">
<kw name="Open Session" library="base" type="SETUP">
<kw name="Set Appium Timeout" library="AppiumLibrary">
<arg>5</arg>
<doc>Sets the timeout in seconds used by various keywords.</doc>
<status status="PASS" starttime="20220820 18:04:38.279" endtime="20220820 18:04:38.279"/>
</kw>
<kw name="Open Application" library="AppiumLibrary">
<arg>http://localhost:4723/wd/hub</arg>
<arg>appium:automationName=UiAutomator2</arg>
<arg>platformName=Android</arg>
<arg>appium:deviceName=Emulator</arg>
<arg>app=${EXECDIR}/app/twp.apk</arg>
<doc>Opens a new application to given Appium server.
Capabilities of appium server, Android and iOS,
Please check https://github.com/appium/appium/blob/master/docs/en/writing-running-appium/server-args.md
| *Option*            | *Man.* | *Description*     |
| remote_url          | Yes    | Appium server url |
| alias               | no     | alias             |</doc>
<status status="PASS" starttime="20220820 18:04:38.279" endtime="20220820 18:04:43.340"/>
</kw>
<kw name="Get Started" library="helpers">
<kw name="Wait Until Page Contains" library="AppiumLibrary">
<arg>${START}</arg>
<doc>Waits until `text` appears on current page.</doc>
<status status="PASS" starttime="20220820 18:04:43.341" endtime="20220820 18:04:47.636"/>
</kw>
<kw name="Click Text" library="AppiumLibrary">
<arg>${START}</arg>
<doc>Click text identified by ``text``.</doc>
<status status="PASS" starttime="20220820 18:04:47.636" endtime="20220820 18:04:47.776"/>
</kw>
<status status="PASS" starttime="20220820 18:04:43.340" endtime="20220820 18:04:47.777"/>
</kw>
<status status="PASS" starttime="20220820 18:04:38.279" endtime="20220820 18:04:47.777"/>
</kw>
<kw name="Go To Short Click" library="helpers">
<kw name="Open Nav" library="helpers">
<kw name="Wait Until Element Is Visible" library="AppiumLibrary">
<arg>${HAMBURGUER}</arg>
<doc>Waits until element specified with `locator` is visible.</doc>
<status status="PASS" starttime="20220820 18:04:47.779" endtime="20220820 18:04:49.024"/>
</kw>
<kw name="Click Element" library="AppiumLibrary">
<arg>${HAMBURGUER}</arg>
<doc>Click element identified by `locator`.</doc>
<msg timestamp="20220820 18:04:49.028" level="INFO">Clicking element 'xpath=//android.widget.ImageButton[@content-desc="Open navigation drawer"]'.</msg>
<status status="PASS" starttime="20220820 18:04:49.025" endtime="20220820 18:04:49.089"/>
</kw>
<kw name="Wait Until Element Is Visible" library="AppiumLibrary">
<arg>${NAV_VIEW}</arg>
<doc>Waits until element specified with `locator` is visible.</doc>
<status status="PASS" starttime="20220820 18:04:49.089" endtime="20220820 18:04:50.027"/>
</kw>
<status status="PASS" starttime="20220820 18:04:47.778" endtime="20220820 18:04:50.027"/>
</kw>
<kw name="Click Text" library="AppiumLibrary">
<arg>BOTÕES</arg>
<doc>Click text identified by ``text``.</doc>
<status status="PASS" starttime="20220820 18:04:50.027" endtime="20220820 18:04:50.142"/>
</kw>
<kw name="Wait Until Page Contains" library="AppiumLibrary">
<arg>CLIQUE SIMPLES</arg>
<doc>Waits until `text` appears on current page.</doc>
<status status="PASS" starttime="20220820 18:04:50.142" endtime="20220820 18:04:50.229"/>
</kw>
<kw name="Click Text" library="AppiumLibrary">
<arg>CLIQUE SIMPLES</arg>
<doc>Click text identified by ``text``.</doc>
<status status="PASS" starttime="20220820 18:04:50.230" endtime="20220820 18:04:51.151"/>
</kw>
<kw name="Wait Until Page Contains" library="AppiumLibrary">
<arg>Botão clique simples</arg>
<doc>Waits until `text` appears on current page.</doc>
<status status="PASS" starttime="20220820 18:04:51.151" endtime="20220820 18:04:51.827"/>
</kw>
<status status="PASS" starttime="20220820 18:04:47.777" endtime="20220820 18:04:51.828"/>
</kw>
<kw name="Click Element" library="AppiumLibrary">
<arg>id=io.qaninja.android.twp:id/short_click</arg>
<doc>Click element identified by `locator`.</doc>
<msg timestamp="20220820 18:04:51.831" level="INFO">Clicking element 'id=io.qaninja.android.twp:id/short_click'.</msg>
<status status="PASS" starttime="20220820 18:04:51.828" endtime="20220820 18:04:51.877"/>
</kw>
<kw name="Wait Until Page Contains" library="AppiumLibrary">
<arg>Isso é um clique simples</arg>
<doc>Waits until `text` appears on current page.</doc>
<status status="PASS" starttime="20220820 18:04:51.878" endtime="20220820 18:04:52.423"/>
</kw>
<kw name="Close Session" library="base" type="TEARDOWN">
<kw name="Capture Page Screenshot" library="AppiumLibrary">
<doc>Takes a screenshot of the current page and embeds it into the log.</doc>
<msg timestamp="20220820 18:04:52.585" level="INFO" html="true">&lt;/td&gt;&lt;/tr&gt;&lt;tr&gt;&lt;td colspan="3"&gt;&lt;a href="appium-screenshot-1.png"&gt;&lt;img src="appium-screenshot-1.png" width="800px"&gt;&lt;/a&gt;</msg>
<status status="PASS" starttime="20220820 18:04:52.425" endtime="20220820 18:04:52.585"/>
</kw>
<kw name="Close Application" library="AppiumLibrary">
<doc>Closes the current application and also close webdriver session.</doc>
<status status="PASS" starttime="20220820 18:04:52.585" endtime="20220820 18:04:52.790"/>
</kw>
<status status="PASS" starttime="20220820 18:04:52.424" endtime="20220820 18:04:52.790"/>
</kw>
<tag>short</tag>
<status status="PASS" starttime="20220820 18:04:38.278" endtime="20220820 18:04:52.790"/>
</test>
<test id="s1-s1-t2" name="Deve realizar um clique longo" line="16">
<kw name="Open Session" library="base" type="SETUP">
<kw name="Set Appium Timeout" library="AppiumLibrary">
<arg>5</arg>
<doc>Sets the timeout in seconds used by various keywords.</doc>
<status status="PASS" starttime="20220820 18:04:52.792" endtime="20220820 18:04:52.792"/>
</kw>
<kw name="Open Application" library="AppiumLibrary">
<arg>http://localhost:4723/wd/hub</arg>
<arg>appium:automationName=UiAutomator2</arg>
<arg>platformName=Android</arg>
<arg>appium:deviceName=Emulator</arg>
<arg>app=${EXECDIR}/app/twp.apk</arg>
<doc>Opens a new application to given Appium server.
Capabilities of appium server, Android and iOS,
Please check https://github.com/appium/appium/blob/master/docs/en/writing-running-appium/server-args.md
| *Option*            | *Man.* | *Description*     |
| remote_url          | Yes    | Appium server url |
| alias               | no     | alias             |</doc>
<status status="PASS" starttime="20220820 18:04:52.792" endtime="20220820 18:04:57.488"/>
</kw>
<kw name="Get Started" library="helpers">
<kw name="Wait Until Page Contains" library="AppiumLibrary">
<arg>${START}</arg>
<doc>Waits until `text` appears on current page.</doc>
<status status="PASS" starttime="20220820 18:04:57.488" endtime="20220820 18:05:01.822"/>
</kw>
<kw name="Click Text" library="AppiumLibrary">
<arg>${START}</arg>
<doc>Click text identified by ``text``.</doc>
<status status="PASS" starttime="20220820 18:05:01.823" endtime="20220820 18:05:01.973"/>
</kw>
<status status="PASS" starttime="20220820 18:04:57.488" endtime="20220820 18:05:01.974"/>
</kw>
<status status="PASS" starttime="20220820 18:04:52.791" endtime="20220820 18:05:01.974"/>
</kw>
<kw name="Go To Long Click" library="helpers">
<kw name="Open Nav" library="helpers">
<kw name="Wait Until Element Is Visible" library="AppiumLibrary">
<arg>${HAMBURGUER}</arg>
<doc>Waits until element specified with `locator` is visible.</doc>
<status status="PASS" starttime="20220820 18:05:01.976" endtime="20220820 18:05:03.237"/>
</kw>
<kw name="Click Element" library="AppiumLibrary">
<arg>${HAMBURGUER}</arg>
<doc>Click element identified by `locator`.</doc>
<msg timestamp="20220820 18:05:03.240" level="INFO">Clicking element 'xpath=//android.widget.ImageButton[@content-desc="Open navigation drawer"]'.</msg>
<status status="PASS" starttime="20220820 18:05:03.238" endtime="20220820 18:05:03.321"/>
</kw>
<kw name="Wait Until Element Is Visible" library="AppiumLibrary">
<arg>${NAV_VIEW}</arg>
<doc>Waits until element specified with `locator` is visible.</doc>
<status status="PASS" starttime="20220820 18:05:03.322" endtime="20220820 18:05:04.283"/>
</kw>
<status status="PASS" starttime="20220820 18:05:01.975" endtime="20220820 18:05:04.283"/>
</kw>
<kw name="Click Text" library="AppiumLibrary">
<arg>BOTÕES</arg>
<doc>Click text identified by ``text``.</doc>
<status status="PASS" starttime="20220820 18:05:04.284" endtime="20220820 18:05:04.404"/>
</kw>
<kw name="Wait Until Page Contains" library="AppiumLibrary">
<arg>CLIQUE LONGO</arg>
<doc>Waits until `text` appears on current page.</doc>
<status status="PASS" starttime="20220820 18:05:04.405" endtime="20220820 18:05:04.495"/>
</kw>
<kw name="Click Text" library="AppiumLibrary">
<arg>CLIQUE LONGO</arg>
<doc>Click text identified by ``text``.</doc>
<status status="PASS" starttime="20220820 18:05:04.495" endtime="20220820 18:05:05.415"/>
</kw>
<kw name="Wait Until Page Contains" library="AppiumLibrary">
<arg>Botão clique longo</arg>
<doc>Waits until `text` appears on current page.</doc>
<status status="PASS" starttime="20220820 18:05:05.416" endtime="20220820 18:05:06.095"/>
</kw>
<status status="PASS" starttime="20220820 18:05:01.974" endtime="20220820 18:05:06.095"/>
</kw>
<kw name="Long Press" library="AppiumLibrary">
<arg>id=io.qaninja.android.twp:id/long_click</arg>
<arg>1000</arg>
<doc>Long press the element with optional duration</doc>
<status status="PASS" starttime="20220820 18:05:06.095" endtime="20220820 18:05:08.685"/>
</kw>
<kw name="Wait Until Page Contains" library="AppiumLibrary">
<arg>CLIQUE LONGO OK</arg>
<doc>Waits until `text` appears on current page.</doc>
<status status="PASS" starttime="20220820 18:05:08.686" endtime="20220820 18:05:08.753"/>
</kw>
<kw name="Close Session" library="base" type="TEARDOWN">
<kw name="Capture Page Screenshot" library="AppiumLibrary">
<doc>Takes a screenshot of the current page and embeds it into the log.</doc>
<msg timestamp="20220820 18:05:08.913" level="INFO" html="true">&lt;/td&gt;&lt;/tr&gt;&lt;tr&gt;&lt;td colspan="3"&gt;&lt;a href="appium-screenshot-2.png"&gt;&lt;img src="appium-screenshot-2.png" width="800px"&gt;&lt;/a&gt;</msg>
<status status="PASS" starttime="20220820 18:05:08.755" endtime="20220820 18:05:08.913"/>
</kw>
<kw name="Close Application" library="AppiumLibrary">
<doc>Closes the current application and also close webdriver session.</doc>
<status status="PASS" starttime="20220820 18:05:08.914" endtime="20220820 18:05:09.136"/>
</kw>
<status status="PASS" starttime="20220820 18:05:08.754" endtime="20220820 18:05:09.136"/>
</kw>
<tag>long</tag>
<status status="PASS" starttime="20220820 18:04:52.791" endtime="20220820 18:05:09.136"/>
</test>
<status status="PASS" starttime="20220820 18:04:38.215" endtime="20220820 18:05:09.137"/>
</suite>
<suite id="s1-s2" name="Checkbox" source="/Library/QAcademy/twp/tests/checkbox.robot">
<test id="s1-s2-t1" name="Deve marcar a opção Robot Framework" line="9">
<kw name="Open Session" library="base" type="SETUP">
<kw name="Set Appium Timeout" library="AppiumLibrary">
<arg>5</arg>
<doc>Sets the timeout in seconds used by various keywords.</doc>
<status status="PASS" starttime="20220820 18:05:09.144" endtime="20220820 18:05:09.145"/>
</kw>
<kw name="Open Application" library="AppiumLibrary">
<arg>http://localhost:4723/wd/hub</arg>
<arg>appium:automationName=UiAutomator2</arg>
<arg>platformName=Android</arg>
<arg>appium:deviceName=Emulator</arg>
<arg>app=${EXECDIR}/app/twp.apk</arg>
<doc>Opens a new application to given Appium server.
Capabilities of appium server, Android and iOS,
Please check https://github.com/appium/appium/blob/master/docs/en/writing-running-appium/server-args.md
| *Option*            | *Man.* | *Description*     |
| remote_url          | Yes    | Appium server url |
| alias               | no     | alias             |</doc>
<status status="PASS" starttime="20220820 18:05:09.145" endtime="20220820 18:05:13.877"/>
</kw>
<kw name="Get Started" library="helpers">
<kw name="Wait Until Page Contains" library="AppiumLibrary">
<arg>${START}</arg>
<doc>Waits until `text` appears on current page.</doc>
<status status="PASS" starttime="20220820 18:05:13.878" endtime="20220820 18:05:18.266"/>
</kw>
<kw name="Click Text" library="AppiumLibrary">
<arg>${START}</arg>
<doc>Click text identified by ``text``.</doc>
<status status="PASS" starttime="20220820 18:05:18.267" endtime="20220820 18:05:18.399"/>
</kw>
<status status="PASS" starttime="20220820 18:05:13.878" endtime="20220820 18:05:18.400"/>
</kw>
<status status="PASS" starttime="20220820 18:05:09.144" endtime="20220820 18:05:18.400"/>
</kw>
<kw name="Go To Checkbox" library="helpers">
<kw name="Open Nav" library="helpers">
<kw name="Wait Until Element Is Visible" library="AppiumLibrary">
<arg>${HAMBURGUER}</arg>
<doc>Waits until element specified with `locator` is visible.</doc>
<status status="PASS" starttime="20220820 18:05:18.401" endtime="20220820 18:05:19.644"/>
</kw>
<kw name="Click Element" library="AppiumLibrary">
<arg>${HAMBURGUER}</arg>
<doc>Click element identified by `locator`.</doc>
<msg timestamp="20220820 18:05:19.647" level="INFO">Clicking element 'xpath=//android.widget.ImageButton[@content-desc="Open navigation drawer"]'.</msg>
<status status="PASS" starttime="20220820 18:05:19.644" endtime="20220820 18:05:19.713"/>
</kw>
<kw name="Wait Until Element Is Visible" library="AppiumLibrary">
<arg>${NAV_VIEW}</arg>
<doc>Waits until element specified with `locator` is visible.</doc>
<status status="PASS" starttime="20220820 18:05:19.713" endtime="20220820 18:05:20.713"/>
</kw>
<status status="PASS" starttime="20220820 18:05:18.400" endtime="20220820 18:05:20.713"/>
</kw>
<kw name="Click Text" library="AppiumLibrary">
<arg>INPUTS</arg>
<doc>Click text identified by ``text``.</doc>
<status status="PASS" starttime="20220820 18:05:20.714" endtime="20220820 18:05:20.796"/>
</kw>
<kw name="Wait Until Page Contains" library="AppiumLibrary">
<arg>INPUTS</arg>
<doc>Waits until `text` appears on current page.</doc>
<status status="PASS" starttime="20220820 18:05:20.796" endtime="20220820 18:05:20.899"/>
</kw>
<kw name="Click Text" library="AppiumLibrary">
<arg>CHECKBOX</arg>
<doc>Click text identified by ``text``.</doc>
<status status="PASS" starttime="20220820 18:05:20.899" endtime="20220820 18:05:21.798"/>
</kw>
<kw name="Wait Until Page Contains" library="AppiumLibrary">
<arg>Marque as techs que usam Appium</arg>
<doc>Waits until `text` appears on current page.</doc>
<status status="PASS" starttime="20220820 18:05:21.799" endtime="20220820 18:05:22.531"/>
</kw>
<status status="PASS" starttime="20220820 18:05:18.400" endtime="20220820 18:05:22.532"/>
</kw>
<kw name="Set Variable" library="BuiltIn">
<var>${element}</var>
<arg>xpath=//android.widget.CheckBox[contains(@text,'Robot Framework')]</arg>
<doc>Returns the given values which can then be assigned to a variables.</doc>
<msg timestamp="20220820 18:05:22.533" level="INFO">${element} = xpath=//android.widget.CheckBox[contains(@text,'Robot Framework')]</msg>
<status status="PASS" starttime="20220820 18:05:22.532" endtime="20220820 18:05:22.533"/>
</kw>
<kw name="Click Element" library="AppiumLibrary">
<arg>${element}</arg>
<doc>Click element identified by `locator`.</doc>
<msg timestamp="20220820 18:05:22.536" level="INFO">Clicking element 'xpath=//android.widget.CheckBox[contains(@text,'Robot Framework')]'.</msg>
<status status="PASS" starttime="20220820 18:05:22.533" endtime="20220820 18:05:22.592"/>
</kw>
<kw name="Wait Until Element Is Visible" library="AppiumLibrary">
<arg>id=io.qaninja.android.twp:id/rvContainer</arg>
<doc>Waits until element specified with `locator` is visible.</doc>
<status status="PASS" starttime="20220820 18:05:22.592" endtime="20220820 18:05:23.550"/>
</kw>
<kw name="Element Attribute Should Match" library="AppiumLibrary">
<arg>${element}</arg>
<arg>checked</arg>
<arg>true</arg>
<doc>Verify that an attribute of an element matches the expected criteria.</doc>
<msg timestamp="20220820 18:05:23.653" level="INFO">Element 'xpath=//android.widget.CheckBox[contains(@text,'Robot Framework')]' attribute 'checked' is 'true' </msg>
<status status="PASS" starttime="20220820 18:05:23.550" endtime="20220820 18:05:23.654"/>
</kw>
<kw name="Close Session" library="base" type="TEARDOWN">
<kw name="Capture Page Screenshot" library="AppiumLibrary">
<doc>Takes a screenshot of the current page and embeds it into the log.</doc>
<msg timestamp="20220820 18:05:23.803" level="INFO" html="true">&lt;/td&gt;&lt;/tr&gt;&lt;tr&gt;&lt;td colspan="3"&gt;&lt;a href="appium-screenshot-3.png"&gt;&lt;img src="appium-screenshot-3.png" width="800px"&gt;&lt;/a&gt;</msg>
<status status="PASS" starttime="20220820 18:05:23.655" endtime="20220820 18:05:23.803"/>
</kw>
<kw name="Close Application" library="AppiumLibrary">
<doc>Closes the current application and also close webdriver session.</doc>
<status status="PASS" starttime="20220820 18:05:23.803" endtime="20220820 18:05:24.011"/>
</kw>
<status status="PASS" starttime="20220820 18:05:23.654" endtime="20220820 18:05:24.011"/>
</kw>
<status status="PASS" starttime="20220820 18:05:09.143" endtime="20220820 18:05:24.011"/>
</test>
<status status="PASS" starttime="20220820 18:05:09.138" endtime="20220820 18:05:24.012"/>
</suite>
<suite id="s1-s3" name="Drag-And-Drop" source="/Library/QAcademy/twp/tests/drag-and-drop.robot">
<test id="s1-s3-t1" name="Deve mover o Hulk para o topo da lista" line="9">
<kw name="Open Session" library="base" type="SETUP">
<kw name="Set Appium Timeout" library="AppiumLibrary">
<arg>5</arg>
<doc>Sets the timeout in seconds used by various keywords.</doc>
<status status="PASS" starttime="20220820 18:05:24.019" endtime="20220820 18:05:24.019"/>
</kw>
<kw name="Open Application" library="AppiumLibrary">
<arg>http://localhost:4723/wd/hub</arg>
<arg>appium:automationName=UiAutomator2</arg>
<arg>platformName=Android</arg>
<arg>appium:deviceName=Emulator</arg>
<arg>app=${EXECDIR}/app/twp.apk</arg>
<doc>Opens a new application to given Appium server.
Capabilities of appium server, Android and iOS,
Please check https://github.com/appium/appium/blob/master/docs/en/writing-running-appium/server-args.md
| *Option*            | *Man.* | *Description*     |
| remote_url          | Yes    | Appium server url |
| alias               | no     | alias             |</doc>
<status status="PASS" starttime="20220820 18:05:24.019" endtime="20220820 18:05:28.736"/>
</kw>
<kw name="Get Started" library="helpers">
<kw name="Wait Until Page Contains" library="AppiumLibrary">
<arg>${START}</arg>
<doc>Waits until `text` appears on current page.</doc>
<status status="PASS" starttime="20220820 18:05:28.737" endtime="20220820 18:05:33.209"/>
</kw>
<kw name="Click Text" library="AppiumLibrary">
<arg>${START}</arg>
<doc>Click text identified by ``text``.</doc>
<status status="PASS" starttime="20220820 18:05:33.209" endtime="20220820 18:05:33.350"/>
</kw>
<status status="PASS" starttime="20220820 18:05:28.736" endtime="20220820 18:05:33.351"/>
</kw>
<status status="PASS" starttime="20220820 18:05:24.018" endtime="20220820 18:05:33.351"/>
</kw>
<kw name="Go To Avengers List" library="helpers">
<kw name="Open Nav" library="helpers">
<kw name="Wait Until Element Is Visible" library="AppiumLibrary">
<arg>${HAMBURGUER}</arg>
<doc>Waits until element specified with `locator` is visible.</doc>
<status status="PASS" starttime="20220820 18:05:33.352" endtime="20220820 18:05:34.593"/>
</kw>
<kw name="Click Element" library="AppiumLibrary">
<arg>${HAMBURGUER}</arg>
<doc>Click element identified by `locator`.</doc>
<msg timestamp="20220820 18:05:34.597" level="INFO">Clicking element 'xpath=//android.widget.ImageButton[@content-desc="Open navigation drawer"]'.</msg>
<status status="PASS" starttime="20220820 18:05:34.594" endtime="20220820 18:05:34.653"/>
</kw>
<kw name="Wait Until Element Is Visible" library="AppiumLibrary">
<arg>${NAV_VIEW}</arg>
<doc>Waits until element specified with `locator` is visible.</doc>
<status status="PASS" starttime="20220820 18:05:34.654" endtime="20220820 18:05:35.605"/>
</kw>
<status status="PASS" starttime="20220820 18:05:33.351" endtime="20220820 18:05:35.606"/>
</kw>
<kw name="Click Text" library="AppiumLibrary">
<arg>AVENGERS</arg>
<doc>Click text identified by ``text``.</doc>
<status status="PASS" starttime="20220820 18:05:35.607" endtime="20220820 18:05:35.702"/>
</kw>
<kw name="Wait Until Page Contains" library="AppiumLibrary">
<arg>AVENGERS</arg>
<doc>Waits until `text` appears on current page.</doc>
<status status="PASS" starttime="20220820 18:05:35.702" endtime="20220820 18:05:35.800"/>
</kw>
<kw name="Click Text" library="AppiumLibrary">
<arg>LISTA</arg>
<doc>Click text identified by ``text``.</doc>
<status status="PASS" starttime="20220820 18:05:35.800" endtime="20220820 18:05:36.708"/>
</kw>
<kw name="Wait Until Page Contains" library="AppiumLibrary">
<arg>LISTA</arg>
<doc>Waits until `text` appears on current page.</doc>
<status status="PASS" starttime="20220820 18:05:36.709" endtime="20220820 18:05:36.820"/>
</kw>
<status status="PASS" starttime="20220820 18:05:33.351" endtime="20220820 18:05:36.821"/>
</kw>
<kw name="Drag and Drop" library="extend">
<arg>io.qaninja.android.twp:id/drag_handle</arg>
<arg>3</arg>
<arg>0</arg>
<status status="PASS" starttime="20220820 18:05:36.821" endtime="20220820 18:05:48.598"/>
</kw>
<kw name="Sleep" library="BuiltIn">
<arg>5</arg>
<doc>Pauses the test executed for the given time.</doc>
<msg timestamp="20220820 18:05:53.599" level="INFO">Slept 5 seconds</msg>
<status status="PASS" starttime="20220820 18:05:48.598" endtime="20220820 18:05:53.600"/>
</kw>
<kw name="Close Session" library="base" type="TEARDOWN">
<kw name="Capture Page Screenshot" library="AppiumLibrary">
<doc>Takes a screenshot of the current page and embeds it into the log.</doc>
<msg timestamp="20220820 18:05:53.793" level="INFO" html="true">&lt;/td&gt;&lt;/tr&gt;&lt;tr&gt;&lt;td colspan="3"&gt;&lt;a href="appium-screenshot-4.png"&gt;&lt;img src="appium-screenshot-4.png" width="800px"&gt;&lt;/a&gt;</msg>
<status status="PASS" starttime="20220820 18:05:53.602" endtime="20220820 18:05:53.793"/>
</kw>
<kw name="Close Application" library="AppiumLibrary">
<doc>Closes the current application and also close webdriver session.</doc>
<status status="PASS" starttime="20220820 18:05:53.793" endtime="20220820 18:05:54.014"/>
</kw>
<status status="PASS" starttime="20220820 18:05:53.601" endtime="20220820 18:05:54.014"/>
</kw>
<status status="PASS" starttime="20220820 18:05:24.017" endtime="20220820 18:05:54.014"/>
</test>
<status status="PASS" starttime="20220820 18:05:24.013" endtime="20220820 18:05:54.015"/>
</suite>
<suite id="s1-s4" name="Home" source="/Library/QAcademy/twp/tests/home.robot">
<test id="s1-s4-t1" name="Deve abrir a tela principal" line="15">
<kw name="Open Application" library="AppiumLibrary">
<arg>http://localhost:4723/wd/hub</arg>
<arg>appium:automationName=UiAutomator2</arg>
<arg>platformName=Android</arg>
<arg>appium:deviceName=Emulator</arg>
<arg>app=${EXECDIR}/app/twp.apk</arg>
<doc>Opens a new application to given Appium server.
Capabilities of appium server, Android and iOS,
Please check https://github.com/appium/appium/blob/master/docs/en/writing-running-appium/server-args.md
| *Option*            | *Man.* | *Description*     |
| remote_url          | Yes    | Appium server url |
| alias               | no     | alias             |</doc>
<status status="PASS" starttime="20220820 18:05:54.019" endtime="20220820 18:05:58.754"/>
</kw>
<kw name="Wait Until Page Contains" library="AppiumLibrary">
<arg>Training Wheels Protocol</arg>
<arg>5</arg>
<doc>Waits until `text` appears on current page.</doc>
<status status="PASS" starttime="20220820 18:05:58.754" endtime="20220820 18:06:03.249"/>
</kw>
<kw name="Wait Until Page Contains" library="AppiumLibrary">
<arg>Mobile Version</arg>
<arg>5</arg>
<doc>Waits until `text` appears on current page.</doc>
<status status="PASS" starttime="20220820 18:06:03.249" endtime="20220820 18:06:03.289"/>
</kw>
<kw name="Close Application" library="AppiumLibrary">
<doc>Closes the current application and also close webdriver session.</doc>
<status status="PASS" starttime="20220820 18:06:03.289" endtime="20220820 18:06:03.591"/>
</kw>
<status status="PASS" starttime="20220820 18:05:54.018" endtime="20220820 18:06:03.593"/>
</test>
<status status="PASS" starttime="20220820 18:05:54.016" endtime="20220820 18:06:03.593"/>
</suite>
<suite id="s1-s5" name="Login" source="/Library/QAcademy/twp/tests/login.robot">
<test id="s1-s5-t1" name="Deve logar com sucesso" line="9">
<kw name="Open Session" library="base" type="SETUP">
<kw name="Set Appium Timeout" library="AppiumLibrary">
<arg>5</arg>
<doc>Sets the timeout in seconds used by various keywords.</doc>
<status status="PASS" starttime="20220820 18:06:03.600" endtime="20220820 18:06:03.600"/>
</kw>
<kw name="Open Application" library="AppiumLibrary">
<arg>http://localhost:4723/wd/hub</arg>
<arg>appium:automationName=UiAutomator2</arg>
<arg>platformName=Android</arg>
<arg>appium:deviceName=Emulator</arg>
<arg>app=${EXECDIR}/app/twp.apk</arg>
<doc>Opens a new application to given Appium server.
Capabilities of appium server, Android and iOS,
Please check https://github.com/appium/appium/blob/master/docs/en/writing-running-appium/server-args.md
| *Option*            | *Man.* | *Description*     |
| remote_url          | Yes    | Appium server url |
| alias               | no     | alias             |</doc>
<status status="PASS" starttime="20220820 18:06:03.600" endtime="20220820 18:06:08.306"/>
</kw>
<kw name="Get Started" library="helpers">
<kw name="Wait Until Page Contains" library="AppiumLibrary">
<arg>${START}</arg>
<doc>Waits until `text` appears on current page.</doc>
<status status="PASS" starttime="20220820 18:06:08.307" endtime="20220820 18:06:12.643"/>
</kw>
<kw name="Click Text" library="AppiumLibrary">
<arg>${START}</arg>
<doc>Click text identified by ``text``.</doc>
<status status="PASS" starttime="20220820 18:06:12.644" endtime="20220820 18:06:12.794"/>
</kw>
<status status="PASS" starttime="20220820 18:06:08.306" endtime="20220820 18:06:12.794"/>
</kw>
<status status="PASS" starttime="20220820 18:06:03.600" endtime="20220820 18:06:12.795"/>
</kw>
<kw name="Go To Login Form" library="helpers">
<kw name="Open Nav" library="helpers">
<kw name="Wait Until Element Is Visible" library="AppiumLibrary">
<arg>${HAMBURGUER}</arg>
<doc>Waits until element specified with `locator` is visible.</doc>
<status status="PASS" starttime="20220820 18:06:12.796" endtime="20220820 18:06:14.021"/>
</kw>
<kw name="Click Element" library="AppiumLibrary">
<arg>${HAMBURGUER}</arg>
<doc>Click element identified by `locator`.</doc>
<msg timestamp="20220820 18:06:14.025" level="INFO">Clicking element 'xpath=//android.widget.ImageButton[@content-desc="Open navigation drawer"]'.</msg>
<status status="PASS" starttime="20220820 18:06:14.022" endtime="20220820 18:06:14.082"/>
</kw>
<kw name="Wait Until Element Is Visible" library="AppiumLibrary">
<arg>${NAV_VIEW}</arg>
<doc>Waits until element specified with `locator` is visible.</doc>
<status status="PASS" starttime="20220820 18:06:14.082" endtime="20220820 18:06:15.012"/>
</kw>
<status status="PASS" starttime="20220820 18:06:12.796" endtime="20220820 18:06:15.012"/>
</kw>
<kw name="Click Text" library="AppiumLibrary">
<arg>FORMS</arg>
<doc>Click text identified by ``text``.</doc>
<status status="PASS" starttime="20220820 18:06:15.013" endtime="20220820 18:06:15.113"/>
</kw>
<kw name="Wait Until Page Contains" library="AppiumLibrary">
<arg>FORMS</arg>
<doc>Waits until `text` appears on current page.</doc>
<status status="PASS" starttime="20220820 18:06:15.113" endtime="20220820 18:06:15.228"/>
</kw>
<kw name="Click Text" library="AppiumLibrary">
<arg>LOGIN</arg>
<doc>Click text identified by ``text``.</doc>
<status status="PASS" starttime="20220820 18:06:15.228" endtime="20220820 18:06:16.125"/>
</kw>
<kw name="Wait Until Page Contains" library="AppiumLibrary">
<arg>Fala QA, vamos testar o login?</arg>
<doc>Waits until `text` appears on current page.</doc>
<status status="PASS" starttime="20220820 18:06:16.125" endtime="20220820 18:06:16.853"/>
</kw>
<status status="PASS" starttime="20220820 18:06:12.795" endtime="20220820 18:06:16.853"/>
</kw>
<kw name="Input Text" library="AppiumLibrary">
<arg>id=io.qaninja.android.twp:id/etEmail</arg>
<arg>eu@papito.io</arg>
<doc>Types the given `text` into text field identified by `locator`.</doc>
<msg timestamp="20220820 18:06:16.856" level="INFO">Typing text 'eu@papito.io' into text field 'id=io.qaninja.android.twp:id/etEmail'</msg>
<status status="PASS" starttime="20220820 18:06:16.854" endtime="20220820 18:06:17.395"/>
</kw>
<kw name="Input Text" library="AppiumLibrary">
<arg>id=io.qaninja.android.twp:id/etPassword</arg>
<arg>qaninja</arg>
<doc>Types the given `text` into text field identified by `locator`.</doc>
<msg timestamp="20220820 18:06:17.398" level="INFO">Typing text 'qaninja' into text field 'id=io.qaninja.android.twp:id/etPassword'</msg>
<status status="PASS" starttime="20220820 18:06:17.395" endtime="20220820 18:06:18.517"/>
</kw>
<kw name="Click Element" library="AppiumLibrary">
<arg>id=io.qaninja.android.twp:id/btnSubmit</arg>
<doc>Click element identified by `locator`.</doc>
<msg timestamp="20220820 18:06:18.520" level="INFO">Clicking element 'id=io.qaninja.android.twp:id/btnSubmit'.</msg>
<status status="PASS" starttime="20220820 18:06:18.517" endtime="20220820 18:06:19.047"/>
</kw>
<kw name="Wait Until Page Contains" library="AppiumLibrary">
<arg>Show! Suas credenciais são validas.</arg>
<doc>Waits until `text` appears on current page.</doc>
<status status="PASS" starttime="20220820 18:06:19.048" endtime="20220820 18:06:19.103"/>
</kw>
<kw name="Close Session" library="base" type="TEARDOWN">
<kw name="Capture Page Screenshot" library="AppiumLibrary">
<doc>Takes a screenshot of the current page and embeds it into the log.</doc>
<msg timestamp="20220820 18:06:19.242" level="INFO" html="true">&lt;/td&gt;&lt;/tr&gt;&lt;tr&gt;&lt;td colspan="3"&gt;&lt;a href="appium-screenshot-5.png"&gt;&lt;img src="appium-screenshot-5.png" width="800px"&gt;&lt;/a&gt;</msg>
<status status="PASS" starttime="20220820 18:06:19.104" endtime="20220820 18:06:19.243"/>
</kw>
<kw name="Close Application" library="AppiumLibrary">
<doc>Closes the current application and also close webdriver session.</doc>
<status status="PASS" starttime="20220820 18:06:19.243" endtime="20220820 18:06:19.452"/>
</kw>
<status status="PASS" starttime="20220820 18:06:19.103" endtime="20220820 18:06:19.452"/>
</kw>
<status status="PASS" starttime="20220820 18:06:03.599" endtime="20220820 18:06:19.452"/>
</test>
<status status="PASS" starttime="20220820 18:06:03.594" endtime="20220820 18:06:19.453"/>
</suite>
<suite id="s1-s6" name="Nav" source="/Library/QAcademy/twp/tests/nav.robot">
<test id="s1-s6-t1" name="Deve acessar a tela Dialogs" line="15">
<kw name="Open Session" library="base" type="SETUP">
<kw name="Set Appium Timeout" library="AppiumLibrary">
<arg>5</arg>
<doc>Sets the timeout in seconds used by various keywords.</doc>
<status status="PASS" starttime="20220820 18:06:19.460" endtime="20220820 18:06:19.460"/>
</kw>
<kw name="Open Application" library="AppiumLibrary">
<arg>http://localhost:4723/wd/hub</arg>
<arg>appium:automationName=UiAutomator2</arg>
<arg>platformName=Android</arg>
<arg>appium:deviceName=Emulator</arg>
<arg>app=${EXECDIR}/app/twp.apk</arg>
<doc>Opens a new application to given Appium server.
Capabilities of appium server, Android and iOS,
Please check https://github.com/appium/appium/blob/master/docs/en/writing-running-appium/server-args.md
| *Option*            | *Man.* | *Description*     |
| remote_url          | Yes    | Appium server url |
| alias               | no     | alias             |</doc>
<status status="PASS" starttime="20220820 18:06:19.460" endtime="20220820 18:06:24.145"/>
</kw>
<kw name="Get Started" library="helpers">
<kw name="Wait Until Page Contains" library="AppiumLibrary">
<arg>${START}</arg>
<doc>Waits until `text` appears on current page.</doc>
<status status="PASS" starttime="20220820 18:06:24.145" endtime="20220820 18:06:28.490"/>
</kw>
<kw name="Click Text" library="AppiumLibrary">
<arg>${START}</arg>
<doc>Click text identified by ``text``.</doc>
<status status="PASS" starttime="20220820 18:06:28.490" endtime="20220820 18:06:28.625"/>
</kw>
<status status="PASS" starttime="20220820 18:06:24.145" endtime="20220820 18:06:28.626"/>
</kw>
<status status="PASS" starttime="20220820 18:06:19.460" endtime="20220820 18:06:28.626"/>
</kw>
<kw name="Open Nav" library="helpers">
<kw name="Wait Until Element Is Visible" library="AppiumLibrary">
<arg>${HAMBURGUER}</arg>
<doc>Waits until element specified with `locator` is visible.</doc>
<status status="PASS" starttime="20220820 18:06:28.627" endtime="20220820 18:06:29.876"/>
</kw>
<kw name="Click Element" library="AppiumLibrary">
<arg>${HAMBURGUER}</arg>
<doc>Click element identified by `locator`.</doc>
<msg timestamp="20220820 18:06:29.879" level="INFO">Clicking element 'xpath=//android.widget.ImageButton[@content-desc="Open navigation drawer"]'.</msg>
<status status="PASS" starttime="20220820 18:06:29.876" endtime="20220820 18:06:29.920"/>
</kw>
<kw name="Wait Until Element Is Visible" library="AppiumLibrary">
<arg>${NAV_VIEW}</arg>
<doc>Waits until element specified with `locator` is visible.</doc>
<status status="PASS" starttime="20220820 18:06:29.921" endtime="20220820 18:06:30.925"/>
</kw>
<status status="PASS" starttime="20220820 18:06:28.626" endtime="20220820 18:06:30.926"/>
</kw>
<kw name="Click Text" library="AppiumLibrary">
<arg>DIALOGS</arg>
<doc>Click text identified by ``text``.</doc>
<status status="PASS" starttime="20220820 18:06:30.926" endtime="20220820 18:06:31.012"/>
</kw>
<kw name="Wait Until Element Is Visible" library="AppiumLibrary">
<arg>${TOOLBAR_TITLE}</arg>
<doc>Waits until element specified with `locator` is visible.</doc>
<status status="PASS" starttime="20220820 18:06:31.013" endtime="20220820 18:06:31.948"/>
</kw>
<kw name="Element Text Should Be" library="AppiumLibrary">
<arg>${TOOLBAR_TITLE}</arg>
<arg>DIALOGS</arg>
<doc>Verifies element identified by ``locator`` exactly contains text ``expected``.</doc>
<msg timestamp="20220820 18:06:31.952" level="INFO">Verifying element 'id=io.qaninja.android.twp:id/toolbarTitle' contains exactly text 'DIALOGS'.</msg>
<status status="PASS" starttime="20220820 18:06:31.949" endtime="20220820 18:06:32.004"/>
</kw>
<kw name="Close Session" library="base" type="TEARDOWN">
<kw name="Capture Page Screenshot" library="AppiumLibrary">
<doc>Takes a screenshot of the current page and embeds it into the log.</doc>
<msg timestamp="20220820 18:06:32.154" level="INFO" html="true">&lt;/td&gt;&lt;/tr&gt;&lt;tr&gt;&lt;td colspan="3"&gt;&lt;a href="appium-screenshot-6.png"&gt;&lt;img src="appium-screenshot-6.png" width="800px"&gt;&lt;/a&gt;</msg>
<status status="PASS" starttime="20220820 18:06:32.006" endtime="20220820 18:06:32.155"/>
</kw>
<kw name="Close Application" library="AppiumLibrary">
<doc>Closes the current application and also close webdriver session.</doc>
<status status="PASS" starttime="20220820 18:06:32.155" endtime="20220820 18:06:32.350"/>
</kw>
<status status="PASS" starttime="20220820 18:06:32.005" endtime="20220820 18:06:32.351"/>
</kw>
<status status="PASS" starttime="20220820 18:06:19.459" endtime="20220820 18:06:32.351"/>
</test>
<test id="s1-s6-t2" name="Deve acessar a tela Formularios" line="22">
<kw name="Open Session" library="base" type="SETUP">
<kw name="Set Appium Timeout" library="AppiumLibrary">
<arg>5</arg>
<doc>Sets the timeout in seconds used by various keywords.</doc>
<status status="PASS" starttime="20220820 18:06:32.352" endtime="20220820 18:06:32.352"/>
</kw>
<kw name="Open Application" library="AppiumLibrary">
<arg>http://localhost:4723/wd/hub</arg>
<arg>appium:automationName=UiAutomator2</arg>
<arg>platformName=Android</arg>
<arg>appium:deviceName=Emulator</arg>
<arg>app=${EXECDIR}/app/twp.apk</arg>
<doc>Opens a new application to given Appium server.
Capabilities of appium server, Android and iOS,
Please check https://github.com/appium/appium/blob/master/docs/en/writing-running-appium/server-args.md
| *Option*            | *Man.* | *Description*     |
| remote_url          | Yes    | Appium server url |
| alias               | no     | alias             |</doc>
<status status="PASS" starttime="20220820 18:06:32.352" endtime="20220820 18:06:37.085"/>
</kw>
<kw name="Get Started" library="helpers">
<kw name="Wait Until Page Contains" library="AppiumLibrary">
<arg>${START}</arg>
<doc>Waits until `text` appears on current page.</doc>
<status status="PASS" starttime="20220820 18:06:37.085" endtime="20220820 18:06:41.452"/>
</kw>
<kw name="Click Text" library="AppiumLibrary">
<arg>${START}</arg>
<doc>Click text identified by ``text``.</doc>
<status status="PASS" starttime="20220820 18:06:41.453" endtime="20220820 18:06:41.587"/>
</kw>
<status status="PASS" starttime="20220820 18:06:37.085" endtime="20220820 18:06:41.587"/>
</kw>
<status status="PASS" starttime="20220820 18:06:32.352" endtime="20220820 18:06:41.587"/>
</kw>
<kw name="Open Nav" library="helpers">
<kw name="Wait Until Element Is Visible" library="AppiumLibrary">
<arg>${HAMBURGUER}</arg>
<doc>Waits until element specified with `locator` is visible.</doc>
<status status="PASS" starttime="20220820 18:06:41.589" endtime="20220820 18:06:42.831"/>
</kw>
<kw name="Click Element" library="AppiumLibrary">
<arg>${HAMBURGUER}</arg>
<doc>Click element identified by `locator`.</doc>
<msg timestamp="20220820 18:06:42.835" level="INFO">Clicking element 'xpath=//android.widget.ImageButton[@content-desc="Open navigation drawer"]'.</msg>
<status status="PASS" starttime="20220820 18:06:42.831" endtime="20220820 18:06:42.883"/>
</kw>
<kw name="Wait Until Element Is Visible" library="AppiumLibrary">
<arg>${NAV_VIEW}</arg>
<doc>Waits until element specified with `locator` is visible.</doc>
<status status="PASS" starttime="20220820 18:06:42.883" endtime="20220820 18:06:43.837"/>
</kw>
<status status="PASS" starttime="20220820 18:06:41.588" endtime="20220820 18:06:43.838"/>
</kw>
<kw name="Click Text" library="AppiumLibrary">
<arg>FORMS</arg>
<doc>Click text identified by ``text``.</doc>
<status status="PASS" starttime="20220820 18:06:43.838" endtime="20220820 18:06:43.935"/>
</kw>
<kw name="Wait Until Element Is Visible" library="AppiumLibrary">
<arg>${TOOLBAR_TITLE}</arg>
<doc>Waits until element specified with `locator` is visible.</doc>
<status status="PASS" starttime="20220820 18:06:43.935" endtime="20220820 18:06:44.869"/>
</kw>
<kw name="Element Text Should Be" library="AppiumLibrary">
<arg>${TOOLBAR_TITLE}</arg>
<arg>FORMS</arg>
<doc>Verifies element identified by ``locator`` exactly contains text ``expected``.</doc>
<msg timestamp="20220820 18:06:44.873" level="INFO">Verifying element 'id=io.qaninja.android.twp:id/toolbarTitle' contains exactly text 'FORMS'.</msg>
<status status="PASS" starttime="20220820 18:06:44.870" endtime="20220820 18:06:44.920"/>
</kw>
<kw name="Close Session" library="base" type="TEARDOWN">
<kw name="Capture Page Screenshot" library="AppiumLibrary">
<doc>Takes a screenshot of the current page and embeds it into the log.</doc>
<msg timestamp="20220820 18:06:45.054" level="INFO" html="true">&lt;/td&gt;&lt;/tr&gt;&lt;tr&gt;&lt;td colspan="3"&gt;&lt;a href="appium-screenshot-7.png"&gt;&lt;img src="appium-screenshot-7.png" width="800px"&gt;&lt;/a&gt;</msg>
<status status="PASS" starttime="20220820 18:06:44.921" endtime="20220820 18:06:45.054"/>
</kw>
<kw name="Close Application" library="AppiumLibrary">
<doc>Closes the current application and also close webdriver session.</doc>
<status status="PASS" starttime="20220820 18:06:45.054" endtime="20220820 18:06:45.235"/>
</kw>
<status status="PASS" starttime="20220820 18:06:44.920" endtime="20220820 18:06:45.235"/>
</kw>
<status status="PASS" starttime="20220820 18:06:32.351" endtime="20220820 18:06:45.235"/>
</test>
<test id="s1-s6-t3" name="Deve acessar a tela Vingadores" line="29">
<kw name="Open Session" library="base" type="SETUP">
<kw name="Set Appium Timeout" library="AppiumLibrary">
<arg>5</arg>
<doc>Sets the timeout in seconds used by various keywords.</doc>
<status status="PASS" starttime="20220820 18:06:45.238" endtime="20220820 18:06:45.238"/>
</kw>
<kw name="Open Application" library="AppiumLibrary">
<arg>http://localhost:4723/wd/hub</arg>
<arg>appium:automationName=UiAutomator2</arg>
<arg>platformName=Android</arg>
<arg>appium:deviceName=Emulator</arg>
<arg>app=${EXECDIR}/app/twp.apk</arg>
<doc>Opens a new application to given Appium server.
Capabilities of appium server, Android and iOS,
Please check https://github.com/appium/appium/blob/master/docs/en/writing-running-appium/server-args.md
| *Option*            | *Man.* | *Description*     |
| remote_url          | Yes    | Appium server url |
| alias               | no     | alias             |</doc>
<status status="PASS" starttime="20220820 18:06:45.238" endtime="20220820 18:06:50.042"/>
</kw>
<kw name="Get Started" library="helpers">
<kw name="Wait Until Page Contains" library="AppiumLibrary">
<arg>${START}</arg>
<doc>Waits until `text` appears on current page.</doc>
<status status="PASS" starttime="20220820 18:06:50.042" endtime="20220820 18:06:54.370"/>
</kw>
<kw name="Click Text" library="AppiumLibrary">
<arg>${START}</arg>
<doc>Click text identified by ``text``.</doc>
<status status="PASS" starttime="20220820 18:06:54.371" endtime="20220820 18:06:54.502"/>
</kw>
<status status="PASS" starttime="20220820 18:06:50.042" endtime="20220820 18:06:54.502"/>
</kw>
<status status="PASS" starttime="20220820 18:06:45.237" endtime="20220820 18:06:54.503"/>
</kw>
<kw name="Open Nav" library="helpers">
<kw name="Wait Until Element Is Visible" library="AppiumLibrary">
<arg>${HAMBURGUER}</arg>
<doc>Waits until element specified with `locator` is visible.</doc>
<status status="PASS" starttime="20220820 18:06:54.504" endtime="20220820 18:06:55.745"/>
</kw>
<kw name="Click Element" library="AppiumLibrary">
<arg>${HAMBURGUER}</arg>
<doc>Click element identified by `locator`.</doc>
<msg timestamp="20220820 18:06:55.749" level="INFO">Clicking element 'xpath=//android.widget.ImageButton[@content-desc="Open navigation drawer"]'.</msg>
<status status="PASS" starttime="20220820 18:06:55.746" endtime="20220820 18:06:55.801"/>
</kw>
<kw name="Wait Until Element Is Visible" library="AppiumLibrary">
<arg>${NAV_VIEW}</arg>
<doc>Waits until element specified with `locator` is visible.</doc>
<status status="PASS" starttime="20220820 18:06:55.802" endtime="20220820 18:06:56.754"/>
</kw>
<status status="PASS" starttime="20220820 18:06:54.503" endtime="20220820 18:06:56.755"/>
</kw>
<kw name="Click Text" library="AppiumLibrary">
<arg>AVENGERS</arg>
<doc>Click text identified by ``text``.</doc>
<status status="PASS" starttime="20220820 18:06:56.755" endtime="20220820 18:06:56.854"/>
</kw>
<kw name="Wait Until Element Is Visible" library="AppiumLibrary">
<arg>${TOOLBAR_TITLE}</arg>
<doc>Waits until element specified with `locator` is visible.</doc>
<status status="PASS" starttime="20220820 18:06:56.854" endtime="20220820 18:06:57.800"/>
</kw>
<kw name="Element Text Should Be" library="AppiumLibrary">
<arg>${TOOLBAR_TITLE}</arg>
<arg>AVENGERS</arg>
<doc>Verifies element identified by ``locator`` exactly contains text ``expected``.</doc>
<msg timestamp="20220820 18:06:57.805" level="INFO">Verifying element 'id=io.qaninja.android.twp:id/toolbarTitle' contains exactly text 'AVENGERS'.</msg>
<status status="PASS" starttime="20220820 18:06:57.801" endtime="20220820 18:06:57.859"/>
</kw>
<kw name="Close Session" library="base" type="TEARDOWN">
<kw name="Capture Page Screenshot" library="AppiumLibrary">
<doc>Takes a screenshot of the current page and embeds it into the log.</doc>
<msg timestamp="20220820 18:06:58.015" level="INFO" html="true">&lt;/td&gt;&lt;/tr&gt;&lt;tr&gt;&lt;td colspan="3"&gt;&lt;a href="appium-screenshot-8.png"&gt;&lt;img src="appium-screenshot-8.png" width="800px"&gt;&lt;/a&gt;</msg>
<status status="PASS" starttime="20220820 18:06:57.860" endtime="20220820 18:06:58.015"/>
</kw>
<kw name="Close Application" library="AppiumLibrary">
<doc>Closes the current application and also close webdriver session.</doc>
<status status="PASS" starttime="20220820 18:06:58.016" endtime="20220820 18:06:58.189"/>
</kw>
<status status="PASS" starttime="20220820 18:06:57.860" endtime="20220820 18:06:58.189"/>
</kw>
<status status="PASS" starttime="20220820 18:06:45.236" endtime="20220820 18:06:58.189"/>
</test>
<status status="PASS" starttime="20220820 18:06:19.454" endtime="20220820 18:06:58.190"/>
</suite>
<suite id="s1-s7" name="Radio" source="/Library/QAcademy/twp/tests/radio.robot">
<test id="s1-s7-t1" name="Deve selecionar a opção Python" line="9">
<kw name="Open Session" library="base" type="SETUP">
<kw name="Set Appium Timeout" library="AppiumLibrary">
<arg>5</arg>
<doc>Sets the timeout in seconds used by various keywords.</doc>
<status status="PASS" starttime="20220820 18:06:58.196" endtime="20220820 18:06:58.196"/>
</kw>
<kw name="Open Application" library="AppiumLibrary">
<arg>http://localhost:4723/wd/hub</arg>
<arg>appium:automationName=UiAutomator2</arg>
<arg>platformName=Android</arg>
<arg>appium:deviceName=Emulator</arg>
<arg>app=${EXECDIR}/app/twp.apk</arg>
<doc>Opens a new application to given Appium server.
Capabilities of appium server, Android and iOS,
Please check https://github.com/appium/appium/blob/master/docs/en/writing-running-appium/server-args.md
| *Option*            | *Man.* | *Description*     |
| remote_url          | Yes    | Appium server url |
| alias               | no     | alias             |</doc>
<status status="PASS" starttime="20220820 18:06:58.196" endtime="20220820 18:07:02.977"/>
</kw>
<kw name="Get Started" library="helpers">
<kw name="Wait Until Page Contains" library="AppiumLibrary">
<arg>${START}</arg>
<doc>Waits until `text` appears on current page.</doc>
<status status="PASS" starttime="20220820 18:07:02.978" endtime="20220820 18:07:07.430"/>
</kw>
<kw name="Click Text" library="AppiumLibrary">
<arg>${START}</arg>
<doc>Click text identified by ``text``.</doc>
<status status="PASS" starttime="20220820 18:07:07.430" endtime="20220820 18:07:07.585"/>
</kw>
<status status="PASS" starttime="20220820 18:07:02.977" endtime="20220820 18:07:07.585"/>
</kw>
<status status="PASS" starttime="20220820 18:06:58.195" endtime="20220820 18:07:07.585"/>
</kw>
<kw name="Go To Radion Buttons" library="helpers">
<kw name="Open Nav" library="helpers">
<kw name="Wait Until Element Is Visible" library="AppiumLibrary">
<arg>${HAMBURGUER}</arg>
<doc>Waits until element specified with `locator` is visible.</doc>
<status status="PASS" starttime="20220820 18:07:07.586" endtime="20220820 18:07:08.807"/>
</kw>
<kw name="Click Element" library="AppiumLibrary">
<arg>${HAMBURGUER}</arg>
<doc>Click element identified by `locator`.</doc>
<msg timestamp="20220820 18:07:08.811" level="INFO">Clicking element 'xpath=//android.widget.ImageButton[@content-desc="Open navigation drawer"]'.</msg>
<status status="PASS" starttime="20220820 18:07:08.808" endtime="20220820 18:07:08.868"/>
</kw>
<kw name="Wait Until Element Is Visible" library="AppiumLibrary">
<arg>${NAV_VIEW}</arg>
<doc>Waits until element specified with `locator` is visible.</doc>
<status status="PASS" starttime="20220820 18:07:08.868" endtime="20220820 18:07:09.815"/>
</kw>
<status status="PASS" starttime="20220820 18:07:07.586" endtime="20220820 18:07:09.816"/>
</kw>
<kw name="Click Text" library="AppiumLibrary">
<arg>INPUTS</arg>
<doc>Click text identified by ``text``.</doc>
<status status="PASS" starttime="20220820 18:07:09.816" endtime="20220820 18:07:09.914"/>
</kw>
<kw name="Wait Until Page Contains" library="AppiumLibrary">
<arg>INPUTS</arg>
<doc>Waits until `text` appears on current page.</doc>
<status status="PASS" starttime="20220820 18:07:09.914" endtime="20220820 18:07:10.025"/>
</kw>
<kw name="Click Text" library="AppiumLibrary">
<arg>BOTÕES DE RADIO</arg>
<doc>Click text identified by ``text``.</doc>
<status status="PASS" starttime="20220820 18:07:10.025" endtime="20220820 18:07:10.948"/>
</kw>
<kw name="Wait Until Page Contains" library="AppiumLibrary">
<arg>Escolha sua linguagem preferida</arg>
<doc>Waits until `text` appears on current page.</doc>
<status status="PASS" starttime="20220820 18:07:10.949" endtime="20220820 18:07:11.685"/>
</kw>
<status status="PASS" starttime="20220820 18:07:07.585" endtime="20220820 18:07:11.686"/>
</kw>
<kw name="Set Variable" library="BuiltIn">
<var>${element}</var>
<arg>xpath=//android.widget.RadioButton[contains(@text,'Python')]</arg>
<doc>Returns the given values which can then be assigned to a variables.</doc>
<msg timestamp="20220820 18:07:11.688" level="INFO">${element} = xpath=//android.widget.RadioButton[contains(@text,'Python')]</msg>
<status status="PASS" starttime="20220820 18:07:11.688" endtime="20220820 18:07:11.688"/>
</kw>
<kw name="Click Element" library="AppiumLibrary">
<arg>${element}</arg>
<doc>Click element identified by `locator`.</doc>
<msg timestamp="20220820 18:07:11.691" level="INFO">Clicking element 'xpath=//android.widget.RadioButton[contains(@text,'Python')]'.</msg>
<status status="PASS" starttime="20220820 18:07:11.689" endtime="20220820 18:07:11.752"/>
</kw>
<kw name="Wait Until Element Is Visible" library="AppiumLibrary">
<arg>${element}</arg>
<doc>Waits until element specified with `locator` is visible.</doc>
<status status="PASS" starttime="20220820 18:07:11.752" endtime="20220820 18:07:12.378"/>
</kw>
<kw name="Element Attribute Should Match" library="AppiumLibrary">
<arg>${element}</arg>
<arg>checked</arg>
<arg>true</arg>
<doc>Verify that an attribute of an element matches the expected criteria.</doc>
<msg timestamp="20220820 18:07:12.459" level="INFO">Element 'xpath=//android.widget.RadioButton[contains(@text,'Python')]' attribute 'checked' is 'true' </msg>
<status status="PASS" starttime="20220820 18:07:12.379" endtime="20220820 18:07:12.459"/>
</kw>
<kw name="Close Session" library="base" type="TEARDOWN">
<kw name="Capture Page Screenshot" library="AppiumLibrary">
<doc>Takes a screenshot of the current page and embeds it into the log.</doc>
<msg timestamp="20220820 18:07:12.606" level="INFO" html="true">&lt;/td&gt;&lt;/tr&gt;&lt;tr&gt;&lt;td colspan="3"&gt;&lt;a href="appium-screenshot-9.png"&gt;&lt;img src="appium-screenshot-9.png" width="800px"&gt;&lt;/a&gt;</msg>
<status status="PASS" starttime="20220820 18:07:12.460" endtime="20220820 18:07:12.606"/>
</kw>
<kw name="Close Application" library="AppiumLibrary">
<doc>Closes the current application and also close webdriver session.</doc>
<status status="PASS" starttime="20220820 18:07:12.606" endtime="20220820 18:07:12.818"/>
</kw>
<status status="PASS" starttime="20220820 18:07:12.459" endtime="20220820 18:07:12.818"/>
</kw>
<status status="PASS" starttime="20220820 18:06:58.195" endtime="20220820 18:07:12.818"/>
</test>
<status status="PASS" starttime="20220820 18:06:58.191" endtime="20220820 18:07:12.819"/>
</suite>
<suite id="s1-s8" name="Spinner" source="/Library/QAcademy/twp/tests/spinner.robot">
<test id="s1-s8-t1" name="Deve selecionar o perfil QA" line="13">
<kw name="Open Session" library="base" type="SETUP">
<kw name="Set Appium Timeout" library="AppiumLibrary">
<arg>5</arg>
<doc>Sets the timeout in seconds used by various keywords.</doc>
<status status="PASS" starttime="20220820 18:07:12.826" endtime="20220820 18:07:12.826"/>
</kw>
<kw name="Open Application" library="AppiumLibrary">
<arg>http://localhost:4723/wd/hub</arg>
<arg>appium:automationName=UiAutomator2</arg>
<arg>platformName=Android</arg>
<arg>appium:deviceName=Emulator</arg>
<arg>app=${EXECDIR}/app/twp.apk</arg>
<doc>Opens a new application to given Appium server.
Capabilities of appium server, Android and iOS,
Please check https://github.com/appium/appium/blob/master/docs/en/writing-running-appium/server-args.md
| *Option*            | *Man.* | *Description*     |
| remote_url          | Yes    | Appium server url |
| alias               | no     | alias             |</doc>
<status status="PASS" starttime="20220820 18:07:12.827" endtime="20220820 18:07:17.623"/>
</kw>
<kw name="Get Started" library="helpers">
<kw name="Wait Until Page Contains" library="AppiumLibrary">
<arg>${START}</arg>
<doc>Waits until `text` appears on current page.</doc>
<status status="PASS" starttime="20220820 18:07:17.624" endtime="20220820 18:07:21.941"/>
</kw>
<kw name="Click Text" library="AppiumLibrary">
<arg>${START}</arg>
<doc>Click text identified by ``text``.</doc>
<status status="PASS" starttime="20220820 18:07:21.942" endtime="20220820 18:07:22.082"/>
</kw>
<status status="PASS" starttime="20220820 18:07:17.624" endtime="20220820 18:07:22.082"/>
</kw>
<status status="PASS" starttime="20220820 18:07:12.826" endtime="20220820 18:07:22.082"/>
</kw>
<kw name="Go To SignUp Form" library="helpers">
<kw name="Open Nav" library="helpers">
<kw name="Wait Until Element Is Visible" library="AppiumLibrary">
<arg>${HAMBURGUER}</arg>
<doc>Waits until element specified with `locator` is visible.</doc>
<status status="PASS" starttime="20220820 18:07:22.083" endtime="20220820 18:07:23.352"/>
</kw>
<kw name="Click Element" library="AppiumLibrary">
<arg>${HAMBURGUER}</arg>
<doc>Click element identified by `locator`.</doc>
<msg timestamp="20220820 18:07:23.356" level="INFO">Clicking element 'xpath=//android.widget.ImageButton[@content-desc="Open navigation drawer"]'.</msg>
<status status="PASS" starttime="20220820 18:07:23.353" endtime="20220820 18:07:23.417"/>
</kw>
<kw name="Wait Until Element Is Visible" library="AppiumLibrary">
<arg>${NAV_VIEW}</arg>
<doc>Waits until element specified with `locator` is visible.</doc>
<status status="PASS" starttime="20220820 18:07:23.417" endtime="20220820 18:07:24.366"/>
</kw>
<status status="PASS" starttime="20220820 18:07:22.083" endtime="20220820 18:07:24.367"/>
</kw>
<kw name="Click Text" library="AppiumLibrary">
<arg>FORMS</arg>
<doc>Click text identified by ``text``.</doc>
<status status="PASS" starttime="20220820 18:07:24.367" endtime="20220820 18:07:24.481"/>
</kw>
<kw name="Wait Until Page Contains" library="AppiumLibrary">
<arg>FORMS</arg>
<doc>Waits until `text` appears on current page.</doc>
<status status="PASS" starttime="20220820 18:07:24.481" endtime="20220820 18:07:24.614"/>
</kw>
<kw name="Click Text" library="AppiumLibrary">
<arg>CADASTRO</arg>
<doc>Click text identified by ``text``.</doc>
<status status="PASS" starttime="20220820 18:07:24.615" endtime="20220820 18:07:25.484"/>
</kw>
<kw name="Wait Until Page Contains" library="AppiumLibrary">
<arg>Bem-vindo, crie sua conta.</arg>
<doc>Waits until `text` appears on current page.</doc>
<status status="PASS" starttime="20220820 18:07:25.484" endtime="20220820 18:07:26.172"/>
</kw>
<status status="PASS" starttime="20220820 18:07:22.082" endtime="20220820 18:07:26.172"/>
</kw>
<kw name="Choice Job">
<arg>QA</arg>
<kw name="Click Element" library="AppiumLibrary">
<arg>${SPINNER}</arg>
<doc>Click element identified by `locator`.</doc>
<msg timestamp="20220820 18:07:26.176" level="INFO">Clicking element 'id=io.qaninja.android.twp:id/spinnerJob'.</msg>
<status status="PASS" starttime="20220820 18:07:26.174" endtime="20220820 18:07:26.216"/>
</kw>
<kw name="Wait Until Element Is Visible" library="AppiumLibrary">
<arg>${LIST_OPTIONS}</arg>
<doc>Waits until element specified with `locator` is visible.</doc>
<status status="PASS" starttime="20220820 18:07:26.216" endtime="20220820 18:07:27.084"/>
</kw>
<kw name="Click Text" library="AppiumLibrary">
<arg>${target}</arg>
<doc>Click text identified by ``text``.</doc>
<status status="PASS" starttime="20220820 18:07:27.085" endtime="20220820 18:07:27.818"/>
</kw>
<status status="PASS" starttime="20220820 18:07:26.173" endtime="20220820 18:07:27.818"/>
</kw>
<kw name="Close Session" library="base" type="TEARDOWN">
<kw name="Capture Page Screenshot" library="AppiumLibrary">
<doc>Takes a screenshot of the current page and embeds it into the log.</doc>
<msg timestamp="20220820 18:07:28.007" level="INFO" html="true">&lt;/td&gt;&lt;/tr&gt;&lt;tr&gt;&lt;td colspan="3"&gt;&lt;a href="appium-screenshot-10.png"&gt;&lt;img src="appium-screenshot-10.png" width="800px"&gt;&lt;/a&gt;</msg>
<status status="PASS" starttime="20220820 18:07:27.820" endtime="20220820 18:07:28.007"/>
</kw>
<kw name="Close Application" library="AppiumLibrary">
<doc>Closes the current application and also close webdriver session.</doc>
<status status="PASS" starttime="20220820 18:07:28.007" endtime="20220820 18:07:28.249"/>
</kw>
<status status="PASS" starttime="20220820 18:07:27.819" endtime="20220820 18:07:28.250"/>
</kw>
<status status="PASS" starttime="20220820 18:07:12.825" endtime="20220820 18:07:28.250"/>
</test>
<test id="s1-s8-t2" name="Deve selecionar o perfil DevOps" line="16">
<kw name="Open Session" library="base" type="SETUP">
<kw name="Set Appium Timeout" library="AppiumLibrary">
<arg>5</arg>
<doc>Sets the timeout in seconds used by various keywords.</doc>
<status status="PASS" starttime="20220820 18:07:28.252" endtime="20220820 18:07:28.252"/>
</kw>
<kw name="Open Application" library="AppiumLibrary">
<arg>http://localhost:4723/wd/hub</arg>
<arg>appium:automationName=UiAutomator2</arg>
<arg>platformName=Android</arg>
<arg>appium:deviceName=Emulator</arg>
<arg>app=${EXECDIR}/app/twp.apk</arg>
<doc>Opens a new application to given Appium server.
Capabilities of appium server, Android and iOS,
Please check https://github.com/appium/appium/blob/master/docs/en/writing-running-appium/server-args.md
| *Option*            | *Man.* | *Description*     |
| remote_url          | Yes    | Appium server url |
| alias               | no     | alias             |</doc>
<status status="PASS" starttime="20220820 18:07:28.252" endtime="20220820 18:07:32.985"/>
</kw>
<kw name="Get Started" library="helpers">
<kw name="Wait Until Page Contains" library="AppiumLibrary">
<arg>${START}</arg>
<doc>Waits until `text` appears on current page.</doc>
<status status="PASS" starttime="20220820 18:07:32.986" endtime="20220820 18:07:37.473"/>
</kw>
<kw name="Click Text" library="AppiumLibrary">
<arg>${START}</arg>
<doc>Click text identified by ``text``.</doc>
<status status="PASS" starttime="20220820 18:07:37.474" endtime="20220820 18:07:37.620"/>
</kw>
<status status="PASS" starttime="20220820 18:07:32.985" endtime="20220820 18:07:37.620"/>
</kw>
<status status="PASS" starttime="20220820 18:07:28.251" endtime="20220820 18:07:37.621"/>
</kw>
<kw name="Go To SignUp Form" library="helpers">
<kw name="Open Nav" library="helpers">
<kw name="Wait Until Element Is Visible" library="AppiumLibrary">
<arg>${HAMBURGUER}</arg>
<doc>Waits until element specified with `locator` is visible.</doc>
<status status="PASS" starttime="20220820 18:07:37.622" endtime="20220820 18:07:38.931"/>
</kw>
<kw name="Click Element" library="AppiumLibrary">
<arg>${HAMBURGUER}</arg>
<doc>Click element identified by `locator`.</doc>
<msg timestamp="20220820 18:07:38.934" level="INFO">Clicking element 'xpath=//android.widget.ImageButton[@content-desc="Open navigation drawer"]'.</msg>
<status status="PASS" starttime="20220820 18:07:38.932" endtime="20220820 18:07:39.025"/>
</kw>
<kw name="Wait Until Element Is Visible" library="AppiumLibrary">
<arg>${NAV_VIEW}</arg>
<doc>Waits until element specified with `locator` is visible.</doc>
<status status="PASS" starttime="20220820 18:07:39.025" endtime="20220820 18:07:39.983"/>
</kw>
<status status="PASS" starttime="20220820 18:07:37.622" endtime="20220820 18:07:39.984"/>
</kw>
<kw name="Click Text" library="AppiumLibrary">
<arg>FORMS</arg>
<doc>Click text identified by ``text``.</doc>
<status status="PASS" starttime="20220820 18:07:39.984" endtime="20220820 18:07:40.088"/>
</kw>
<kw name="Wait Until Page Contains" library="AppiumLibrary">
<arg>FORMS</arg>
<doc>Waits until `text` appears on current page.</doc>
<status status="PASS" starttime="20220820 18:07:40.088" endtime="20220820 18:07:40.256"/>
</kw>
<kw name="Click Text" library="AppiumLibrary">
<arg>CADASTRO</arg>
<doc>Click text identified by ``text``.</doc>
<status status="PASS" starttime="20220820 18:07:40.256" endtime="20220820 18:07:41.080"/>
</kw>
<kw name="Wait Until Page Contains" library="AppiumLibrary">
<arg>Bem-vindo, crie sua conta.</arg>
<doc>Waits until `text` appears on current page.</doc>
<status status="PASS" starttime="20220820 18:07:41.080" endtime="20220820 18:07:41.825"/>
</kw>
<status status="PASS" starttime="20220820 18:07:37.621" endtime="20220820 18:07:41.825"/>
</kw>
<kw name="Choice Job">
<arg>DevOps</arg>
<kw name="Click Element" library="AppiumLibrary">
<arg>${SPINNER}</arg>
<doc>Click element identified by `locator`.</doc>
<msg timestamp="20220820 18:07:41.829" level="INFO">Clicking element 'id=io.qaninja.android.twp:id/spinnerJob'.</msg>
<status status="PASS" starttime="20220820 18:07:41.826" endtime="20220820 18:07:41.848"/>
</kw>
<kw name="Wait Until Element Is Visible" library="AppiumLibrary">
<arg>${LIST_OPTIONS}</arg>
<doc>Waits until element specified with `locator` is visible.</doc>
<status status="PASS" starttime="20220820 18:07:41.848" endtime="20220820 18:07:42.719"/>
</kw>
<kw name="Click Text" library="AppiumLibrary">
<arg>${target}</arg>
<doc>Click text identified by ``text``.</doc>
<status status="PASS" starttime="20220820 18:07:42.720" endtime="20220820 18:07:43.477"/>
</kw>
<status status="PASS" starttime="20220820 18:07:41.825" endtime="20220820 18:07:43.477"/>
</kw>
<kw name="Close Session" library="base" type="TEARDOWN">
<kw name="Capture Page Screenshot" library="AppiumLibrary">
<doc>Takes a screenshot of the current page and embeds it into the log.</doc>
<msg timestamp="20220820 18:07:43.659" level="INFO" html="true">&lt;/td&gt;&lt;/tr&gt;&lt;tr&gt;&lt;td colspan="3"&gt;&lt;a href="appium-screenshot-11.png"&gt;&lt;img src="appium-screenshot-11.png" width="800px"&gt;&lt;/a&gt;</msg>
<status status="PASS" starttime="20220820 18:07:43.479" endtime="20220820 18:07:43.659"/>
</kw>
<kw name="Close Application" library="AppiumLibrary">
<doc>Closes the current application and also close webdriver session.</doc>
<status status="PASS" starttime="20220820 18:07:43.659" endtime="20220820 18:07:43.874"/>
</kw>
<status status="PASS" starttime="20220820 18:07:43.478" endtime="20220820 18:07:43.874"/>
</kw>
<status status="PASS" starttime="20220820 18:07:28.251" endtime="20220820 18:07:43.874"/>
</test>
<status status="PASS" starttime="20220820 18:07:12.820" endtime="20220820 18:07:43.874"/>
</suite>
<suite id="s1-s9" name="Swipe" source="/Library/QAcademy/twp/tests/swipe.robot">
<test id="s1-s9-t1" name="Deve remover o Capitão América" line="21">
<kw name="Open Session" library="base" type="SETUP">
<kw name="Set Appium Timeout" library="AppiumLibrary">
<arg>5</arg>
<doc>Sets the timeout in seconds used by various keywords.</doc>
<status status="PASS" starttime="20220820 18:07:43.881" endtime="20220820 18:07:43.881"/>
</kw>
<kw name="Open Application" library="AppiumLibrary">
<arg>http://localhost:4723/wd/hub</arg>
<arg>appium:automationName=UiAutomator2</arg>
<arg>platformName=Android</arg>
<arg>appium:deviceName=Emulator</arg>
<arg>app=${EXECDIR}/app/twp.apk</arg>
<doc>Opens a new application to given Appium server.
Capabilities of appium server, Android and iOS,
Please check https://github.com/appium/appium/blob/master/docs/en/writing-running-appium/server-args.md
| *Option*            | *Man.* | *Description*     |
| remote_url          | Yes    | Appium server url |
| alias               | no     | alias             |</doc>
<status status="PASS" starttime="20220820 18:07:43.881" endtime="20220820 18:07:48.633"/>
</kw>
<kw name="Get Started" library="helpers">
<kw name="Wait Until Page Contains" library="AppiumLibrary">
<arg>${START}</arg>
<doc>Waits until `text` appears on current page.</doc>
<status status="PASS" starttime="20220820 18:07:48.634" endtime="20220820 18:07:53.094"/>
</kw>
<kw name="Click Text" library="AppiumLibrary">
<arg>${START}</arg>
<doc>Click text identified by ``text``.</doc>
<status status="PASS" starttime="20220820 18:07:53.094" endtime="20220820 18:07:53.240"/>
</kw>
<status status="PASS" starttime="20220820 18:07:48.633" endtime="20220820 18:07:53.241"/>
</kw>
<status status="PASS" starttime="20220820 18:07:43.880" endtime="20220820 18:07:53.241"/>
</kw>
<kw name="Go To Avengers List" library="helpers">
<kw name="Open Nav" library="helpers">
<kw name="Wait Until Element Is Visible" library="AppiumLibrary">
<arg>${HAMBURGUER}</arg>
<doc>Waits until element specified with `locator` is visible.</doc>
<status status="PASS" starttime="20220820 18:07:53.242" endtime="20220820 18:07:54.472"/>
</kw>
<kw name="Click Element" library="AppiumLibrary">
<arg>${HAMBURGUER}</arg>
<doc>Click element identified by `locator`.</doc>
<msg timestamp="20220820 18:07:54.476" level="INFO">Clicking element 'xpath=//android.widget.ImageButton[@content-desc="Open navigation drawer"]'.</msg>
<status status="PASS" starttime="20220820 18:07:54.474" endtime="20220820 18:07:54.545"/>
</kw>
<kw name="Wait Until Element Is Visible" library="AppiumLibrary">
<arg>${NAV_VIEW}</arg>
<doc>Waits until element specified with `locator` is visible.</doc>
<status status="PASS" starttime="20220820 18:07:54.546" endtime="20220820 18:07:55.492"/>
</kw>
<status status="PASS" starttime="20220820 18:07:53.242" endtime="20220820 18:07:55.493"/>
</kw>
<kw name="Click Text" library="AppiumLibrary">
<arg>AVENGERS</arg>
<doc>Click text identified by ``text``.</doc>
<status status="PASS" starttime="20220820 18:07:55.493" endtime="20220820 18:07:55.597"/>
</kw>
<kw name="Wait Until Page Contains" library="AppiumLibrary">
<arg>AVENGERS</arg>
<doc>Waits until `text` appears on current page.</doc>
<status status="PASS" starttime="20220820 18:07:55.597" endtime="20220820 18:07:55.806"/>
</kw>
<kw name="Click Text" library="AppiumLibrary">
<arg>LISTA</arg>
<doc>Click text identified by ``text``.</doc>
<status status="PASS" starttime="20220820 18:07:55.806" endtime="20220820 18:07:56.606"/>
</kw>
<kw name="Wait Until Page Contains" library="AppiumLibrary">
<arg>LISTA</arg>
<doc>Waits until `text` appears on current page.</doc>
<status status="PASS" starttime="20220820 18:07:56.607" endtime="20220820 18:07:56.648"/>
</kw>
<status status="PASS" starttime="20220820 18:07:53.241" endtime="20220820 18:07:56.649"/>
</kw>
<kw name="Swipe By Percent" library="AppiumLibrary">
<arg>88.88</arg>
<arg>18.22</arg>
<arg>47.22</arg>
<arg>18.22</arg>
<doc>Swipe from one percent of the screen to another percent, for an optional duration.
Normal swipe fails to scale for different screen resolutions, this can be avoided using percent.</doc>
<status status="PASS" starttime="20220820 18:07:56.649" endtime="20220820 18:07:57.987"/>
</kw>
<kw name="Wait Until Element Is Visible" library="AppiumLibrary">
<arg>${BTN_REMOVE}</arg>
<doc>Waits until element specified with `locator` is visible.</doc>
<status status="PASS" starttime="20220820 18:07:57.988" endtime="20220820 18:07:58.069"/>
</kw>
<kw name="Click Element" library="AppiumLibrary">
<arg>${BTN_REMOVE}</arg>
<doc>Click element identified by `locator`.</doc>
<msg timestamp="20220820 18:07:58.071" level="INFO">Clicking element 'id=io.qaninja.android.twp:id/btnRemove'.</msg>
<status status="PASS" starttime="20220820 18:07:58.069" endtime="20220820 18:07:58.111"/>
</kw>
<kw name="Wait Until Page Contains" library="AppiumLibrary">
<arg>Item removido!</arg>
<doc>Waits until `text` appears on current page.</doc>
<status status="PASS" starttime="20220820 18:07:58.111" endtime="20220820 18:07:58.340"/>
</kw>
<kw name="Close Session" library="base" type="TEARDOWN">
<kw name="Capture Page Screenshot" library="AppiumLibrary">
<doc>Takes a screenshot of the current page and embeds it into the log.</doc>
<msg timestamp="20220820 18:07:58.477" level="INFO" html="true">&lt;/td&gt;&lt;/tr&gt;&lt;tr&gt;&lt;td colspan="3"&gt;&lt;a href="appium-screenshot-12.png"&gt;&lt;img src="appium-screenshot-12.png" width="800px"&gt;&lt;/a&gt;</msg>
<status status="PASS" starttime="20220820 18:07:58.341" endtime="20220820 18:07:58.477"/>
</kw>
<kw name="Close Application" library="AppiumLibrary">
<doc>Closes the current application and also close webdriver session.</doc>
<status status="PASS" starttime="20220820 18:07:58.477" endtime="20220820 18:07:58.698"/>
</kw>
<status status="PASS" starttime="20220820 18:07:58.341" endtime="20220820 18:07:58.698"/>
</kw>
<status status="PASS" starttime="20220820 18:07:43.880" endtime="20220820 18:07:58.698"/>
</test>
<status status="PASS" starttime="20220820 18:07:43.876" endtime="20220820 18:07:58.699"/>
</suite>
<status status="PASS" starttime="20220820 18:04:38.206" endtime="20220820 18:07:58.701"/>
</suite>
<statistics>
<total>
<stat pass="13" fail="0" skip="0">All Tests</stat>
</total>
<tag>
<stat pass="1" fail="0" skip="0">long</stat>
<stat pass="1" fail="0" skip="0">short</stat>
</tag>
<suite>
<stat pass="13" fail="0" skip="0" id="s1" name="Tests">Tests</stat>
<stat pass="2" fail="0" skip="0" id="s1-s1" name="Buttons">Tests.Buttons</stat>
<stat pass="1" fail="0" skip="0" id="s1-s2" name="Checkbox">Tests.Checkbox</stat>
<stat pass="1" fail="0" skip="0" id="s1-s3" name="Drag-And-Drop">Tests.Drag-And-Drop</stat>
<stat pass="1" fail="0" skip="0" id="s1-s4" name="Home">Tests.Home</stat>
<stat pass="1" fail="0" skip="0" id="s1-s5" name="Login">Tests.Login</stat>
<stat pass="3" fail="0" skip="0" id="s1-s6" name="Nav">Tests.Nav</stat>
<stat pass="1" fail="0" skip="0" id="s1-s7" name="Radio">Tests.Radio</stat>
<stat pass="2" fail="0" skip="0" id="s1-s8" name="Spinner">Tests.Spinner</stat>
<stat pass="1" fail="0" skip="0" id="s1-s9" name="Swipe">Tests.Swipe</stat>
</suite>
</statistics>
<errors>
</errors>
</robot>
